The system is: Linux - 5.3.0-40-generic - x86_64
Compiling the C compiler identification source file "CMakeCCompilerId.c" succeeded.
Compiler: /home/liurenju/Desktop/research/optee-hikey960-3.5.0/toolchains/aarch64/bin/aarch64-linux-gnu-gcc 
Build flags: 
Id flags:  

The output was:
0


Compilation of the C compiler identification source "CMakeCCompilerId.c" produced "a.out"

The C compiler identification is GNU, found in "/home/liurenju/Desktop/research/iccad-2020/wasm-micro-runtime/product-mini/platforms/linux/build/CMakeFiles/3.10.2/CompilerIdC/a.out"

Compiling the CXX compiler identification source file "CMakeCXXCompilerId.cpp" succeeded.
Compiler: /home/liurenju/Desktop/research/optee-hikey960-3.5.0/toolchains/aarch64/bin/aarch64-linux-gnu-g++ 
Build flags: 
Id flags:  

The output was:
0


Compilation of the CXX compiler identification source "CMakeCXXCompilerId.cpp" produced "a.out"

The CXX compiler identification is GNU, found in "/home/liurenju/Desktop/research/iccad-2020/wasm-micro-runtime/product-mini/platforms/linux/build/CMakeFiles/3.10.2/CompilerIdCXX/a.out"

Determining if the C compiler works passed with the following output:
Change Dir: /home/liurenju/Desktop/research/iccad-2020/wasm-micro-runtime/product-mini/platforms/linux/build/CMakeFiles/CMakeTmp

Run Build Command:"/usr/bin/make" "cmTC_16683/fast"
/usr/bin/make -f CMakeFiles/cmTC_16683.dir/build.make CMakeFiles/cmTC_16683.dir/build
make[1]: Entering directory '/home/liurenju/Desktop/research/iccad-2020/wasm-micro-runtime/product-mini/platforms/linux/build/CMakeFiles/CMakeTmp'
Building C object CMakeFiles/cmTC_16683.dir/testCCompiler.c.o
/home/liurenju/Desktop/research/optee-hikey960-3.5.0/toolchains/aarch64/bin/aarch64-linux-gnu-gcc    -o CMakeFiles/cmTC_16683.dir/testCCompiler.c.o   -c /home/liurenju/Desktop/research/iccad-2020/wasm-micro-runtime/product-mini/platforms/linux/build/CMakeFiles/CMakeTmp/testCCompiler.c
Linking C executable cmTC_16683
/usr/bin/cmake -E cmake_link_script CMakeFiles/cmTC_16683.dir/link.txt --verbose=1
/home/liurenju/Desktop/research/optee-hikey960-3.5.0/toolchains/aarch64/bin/aarch64-linux-gnu-gcc      -rdynamic CMakeFiles/cmTC_16683.dir/testCCompiler.c.o  -o cmTC_16683 
make[1]: Leaving directory '/home/liurenju/Desktop/research/iccad-2020/wasm-micro-runtime/product-mini/platforms/linux/build/CMakeFiles/CMakeTmp'


Detecting C compiler ABI info compiled with the following output:
Change Dir: /home/liurenju/Desktop/research/iccad-2020/wasm-micro-runtime/product-mini/platforms/linux/build/CMakeFiles/CMakeTmp

Run Build Command:"/usr/bin/make" "cmTC_d1ffc/fast"
/usr/bin/make -f CMakeFiles/cmTC_d1ffc.dir/build.make CMakeFiles/cmTC_d1ffc.dir/build
make[1]: Entering directory '/home/liurenju/Desktop/research/iccad-2020/wasm-micro-runtime/product-mini/platforms/linux/build/CMakeFiles/CMakeTmp'
Building C object CMakeFiles/cmTC_d1ffc.dir/CMakeCCompilerABI.c.o
/home/liurenju/Desktop/research/optee-hikey960-3.5.0/toolchains/aarch64/bin/aarch64-linux-gnu-gcc    -o CMakeFiles/cmTC_d1ffc.dir/CMakeCCompilerABI.c.o   -c /usr/share/cmake-3.10/Modules/CMakeCCompilerABI.c
Linking C executable cmTC_d1ffc
/usr/bin/cmake -E cmake_link_script CMakeFiles/cmTC_d1ffc.dir/link.txt --verbose=1
/home/liurenju/Desktop/research/optee-hikey960-3.5.0/toolchains/aarch64/bin/aarch64-linux-gnu-gcc     -v -rdynamic CMakeFiles/cmTC_d1ffc.dir/CMakeCCompilerABI.c.o  -o cmTC_d1ffc 
Using built-in specs.
COLLECT_GCC=/home/liurenju/Desktop/research/optee-hikey960-3.5.0/toolchains/aarch64/bin/aarch64-linux-gnu-gcc
COLLECT_LTO_WRAPPER=/home/liurenju/Desktop/research/optee-hikey960-3.5.0/toolchains/aarch64/bin/../libexec/gcc/aarch64-linux-gnu/8.2.1/lto-wrapper
Target: aarch64-linux-gnu
Configured with: /tmp/dgboter/bbs/bc-b1-2-12--rhe6x86_64/buildbot/rhe6x86_64--aarch64-linux-gnu/build/src/gcc/configure --target=aarch64-linux-gnu --prefix= --with-sysroot=/aarch64-linux-gnu/libc --with-build-sysroot=/tmp/dgboter/bbs/bc-b1-2-12--rhe6x86_64/buildbot/rhe6x86_64--aarch64-linux-gnu/build/build-aarch64-linux-gnu/install//aarch64-linux-gnu/libc --enable-gnu-indirect-function --enable-shared --disable-libssp --disable-libmudflap --disable-libsanitizer --enable-checking=release --enable-languages=c,c++,fortran --with-gmp=/tmp/dgboter/bbs/bc-b1-2-12--rhe6x86_64/buildbot/rhe6x86_64--aarch64-linux-gnu/build/build-aarch64-linux-gnu/host-tools --with-mpfr=/tmp/dgboter/bbs/bc-b1-2-12--rhe6x86_64/buildbot/rhe6x86_64--aarch64-linux-gnu/build/build-aarch64-linux-gnu/host-tools --with-mpc=/tmp/dgboter/bbs/bc-b1-2-12--rhe6x86_64/buildbot/rhe6x86_64--aarch64-linux-gnu/build/build-aarch64-linux-gnu/host-tools --with-isl=/tmp/dgboter/bbs/bc-b1-2-12--rhe6x86_64/buildbot/rhe6x86_64--aarch64-linux-gnu/build/build-aarch64-linux-gnu/host-tools --enable-fix-cortex-a53-843419 --with-pkgversion='GNU Toolchain for the A-profile Architecture 8.2-2018-08 (arm-rel-8.23)'
Thread model: posix
gcc version 8.2.1 20180802 (GNU Toolchain for the A-profile Architecture 8.2-2018-08 (arm-rel-8.23)) 
COMPILER_PATH=/home/liurenju/Desktop/research/optee-hikey960-3.5.0/toolchains/aarch64/bin/../libexec/gcc/aarch64-linux-gnu/8.2.1/:/home/liurenju/Desktop/research/optee-hikey960-3.5.0/toolchains/aarch64/bin/../libexec/gcc/:/home/liurenju/Desktop/research/optee-hikey960-3.5.0/toolchains/aarch64/bin/../lib/gcc/aarch64-linux-gnu/8.2.1/../../../../aarch64-linux-gnu/bin/
LIBRARY_PATH=/home/liurenju/Desktop/research/optee-hikey960-3.5.0/toolchains/aarch64/bin/../lib/gcc/aarch64-linux-gnu/8.2.1/:/home/liurenju/Desktop/research/optee-hikey960-3.5.0/toolchains/aarch64/bin/../lib/gcc/:/home/liurenju/Desktop/research/optee-hikey960-3.5.0/toolchains/aarch64/bin/../lib/gcc/aarch64-linux-gnu/8.2.1/../../../../aarch64-linux-gnu/lib/../lib64/:/home/liurenju/Desktop/research/optee-hikey960-3.5.0/toolchains/aarch64/bin/../aarch64-linux-gnu/libc/lib/../lib64/:/home/liurenju/Desktop/research/optee-hikey960-3.5.0/toolchains/aarch64/bin/../aarch64-linux-gnu/libc/usr/lib/../lib64/:/home/liurenju/Desktop/research/optee-hikey960-3.5.0/toolchains/aarch64/bin/../lib/gcc/aarch64-linux-gnu/8.2.1/../../../../aarch64-linux-gnu/lib/:/home/liurenju/Desktop/research/optee-hikey960-3.5.0/toolchains/aarch64/bin/../aarch64-linux-gnu/libc/lib/:/home/liurenju/Desktop/research/optee-hikey960-3.5.0/toolchains/aarch64/bin/../aarch64-linux-gnu/libc/usr/lib/
COLLECT_GCC_OPTIONS='-v' '-rdynamic' '-o' 'cmTC_d1ffc' '-mlittle-endian' '-mabi=lp64'
 /home/liurenju/Desktop/research/optee-hikey960-3.5.0/toolchains/aarch64/bin/../libexec/gcc/aarch64-linux-gnu/8.2.1/collect2 -plugin /home/liurenju/Desktop/research/optee-hikey960-3.5.0/toolchains/aarch64/bin/../libexec/gcc/aarch64-linux-gnu/8.2.1/liblto_plugin.so -plugin-opt=/home/liurenju/Desktop/research/optee-hikey960-3.5.0/toolchains/aarch64/bin/../libexec/gcc/aarch64-linux-gnu/8.2.1/lto-wrapper -plugin-opt=-fresolution=/tmp/cczBZArT.res -plugin-opt=-pass-through=-lgcc -plugin-opt=-pass-through=-lgcc_s -plugin-opt=-pass-through=-lc -plugin-opt=-pass-through=-lgcc -plugin-opt=-pass-through=-lgcc_s --sysroot=/home/liurenju/Desktop/research/optee-hikey960-3.5.0/toolchains/aarch64/bin/../aarch64-linux-gnu/libc --eh-frame-hdr -export-dynamic -dynamic-linker /lib/ld-linux-aarch64.so.1 -X -EL -maarch64linux --fix-cortex-a53-843419 -o cmTC_d1ffc /home/liurenju/Desktop/research/optee-hikey960-3.5.0/toolchains/aarch64/bin/../aarch64-linux-gnu/libc/usr/lib/../lib64/crt1.o /home/liurenju/Desktop/research/optee-hikey960-3.5.0/toolchains/aarch64/bin/../aarch64-linux-gnu/libc/usr/lib/../lib64/crti.o /home/liurenju/Desktop/research/optee-hikey960-3.5.0/toolchains/aarch64/bin/../lib/gcc/aarch64-linux-gnu/8.2.1/crtbegin.o -L/home/liurenju/Desktop/research/optee-hikey960-3.5.0/toolchains/aarch64/bin/../lib/gcc/aarch64-linux-gnu/8.2.1 -L/home/liurenju/Desktop/research/optee-hikey960-3.5.0/toolchains/aarch64/bin/../lib/gcc -L/home/liurenju/Desktop/research/optee-hikey960-3.5.0/toolchains/aarch64/bin/../lib/gcc/aarch64-linux-gnu/8.2.1/../../../../aarch64-linux-gnu/lib/../lib64 -L/home/liurenju/Desktop/research/optee-hikey960-3.5.0/toolchains/aarch64/bin/../aarch64-linux-gnu/libc/lib/../lib64 -L/home/liurenju/Desktop/research/optee-hikey960-3.5.0/toolchains/aarch64/bin/../aarch64-linux-gnu/libc/usr/lib/../lib64 -L/home/liurenju/Desktop/research/optee-hikey960-3.5.0/toolchains/aarch64/bin/../lib/gcc/aarch64-linux-gnu/8.2.1/../../../../aarch64-linux-gnu/lib -L/home/liurenju/Desktop/research/optee-hikey960-3.5.0/toolchains/aarch64/bin/../aarch64-linux-gnu/libc/lib -L/home/liurenju/Desktop/research/optee-hikey960-3.5.0/toolchains/aarch64/bin/../aarch64-linux-gnu/libc/usr/lib CMakeFiles/cmTC_d1ffc.dir/CMakeCCompilerABI.c.o -lgcc --as-needed -lgcc_s --no-as-needed -lc -lgcc --as-needed -lgcc_s --no-as-needed /home/liurenju/Desktop/research/optee-hikey960-3.5.0/toolchains/aarch64/bin/../lib/gcc/aarch64-linux-gnu/8.2.1/crtend.o /home/liurenju/Desktop/research/optee-hikey960-3.5.0/toolchains/aarch64/bin/../aarch64-linux-gnu/libc/usr/lib/../lib64/crtn.o
COLLECT_GCC_OPTIONS='-v' '-rdynamic' '-o' 'cmTC_d1ffc' '-mlittle-endian' '-mabi=lp64'
make[1]: Leaving directory '/home/liurenju/Desktop/research/iccad-2020/wasm-micro-runtime/product-mini/platforms/linux/build/CMakeFiles/CMakeTmp'


Parsed C implicit link information from above output:
  link line regex: [^( *|.*[/\])(ld|CMAKE_LINK_STARTFILE-NOTFOUND|([^/\]+-)?ld|collect2)[^/\]*( |$)]
  ignore line: [Change Dir: /home/liurenju/Desktop/research/iccad-2020/wasm-micro-runtime/product-mini/platforms/linux/build/CMakeFiles/CMakeTmp]
  ignore line: []
  ignore line: [Run Build Command:"/usr/bin/make" "cmTC_d1ffc/fast"]
  ignore line: [/usr/bin/make -f CMakeFiles/cmTC_d1ffc.dir/build.make CMakeFiles/cmTC_d1ffc.dir/build]
  ignore line: [make[1]: Entering directory '/home/liurenju/Desktop/research/iccad-2020/wasm-micro-runtime/product-mini/platforms/linux/build/CMakeFiles/CMakeTmp']
  ignore line: [Building C object CMakeFiles/cmTC_d1ffc.dir/CMakeCCompilerABI.c.o]
  ignore line: [/home/liurenju/Desktop/research/optee-hikey960-3.5.0/toolchains/aarch64/bin/aarch64-linux-gnu-gcc    -o CMakeFiles/cmTC_d1ffc.dir/CMakeCCompilerABI.c.o   -c /usr/share/cmake-3.10/Modules/CMakeCCompilerABI.c]
  ignore line: [Linking C executable cmTC_d1ffc]
  ignore line: [/usr/bin/cmake -E cmake_link_script CMakeFiles/cmTC_d1ffc.dir/link.txt --verbose=1]
  ignore line: [/home/liurenju/Desktop/research/optee-hikey960-3.5.0/toolchains/aarch64/bin/aarch64-linux-gnu-gcc     -v -rdynamic CMakeFiles/cmTC_d1ffc.dir/CMakeCCompilerABI.c.o  -o cmTC_d1ffc ]
  ignore line: [Using built-in specs.]
  ignore line: [COLLECT_GCC=/home/liurenju/Desktop/research/optee-hikey960-3.5.0/toolchains/aarch64/bin/aarch64-linux-gnu-gcc]
  ignore line: [COLLECT_LTO_WRAPPER=/home/liurenju/Desktop/research/optee-hikey960-3.5.0/toolchains/aarch64/bin/../libexec/gcc/aarch64-linux-gnu/8.2.1/lto-wrapper]
  ignore line: [Target: aarch64-linux-gnu]
  ignore line: [Configured with: /tmp/dgboter/bbs/bc-b1-2-12--rhe6x86_64/buildbot/rhe6x86_64--aarch64-linux-gnu/build/src/gcc/configure --target=aarch64-linux-gnu --prefix= --with-sysroot=/aarch64-linux-gnu/libc --with-build-sysroot=/tmp/dgboter/bbs/bc-b1-2-12--rhe6x86_64/buildbot/rhe6x86_64--aarch64-linux-gnu/build/build-aarch64-linux-gnu/install//aarch64-linux-gnu/libc --enable-gnu-indirect-function --enable-shared --disable-libssp --disable-libmudflap --disable-libsanitizer --enable-checking=release --enable-languages=c,c++,fortran --with-gmp=/tmp/dgboter/bbs/bc-b1-2-12--rhe6x86_64/buildbot/rhe6x86_64--aarch64-linux-gnu/build/build-aarch64-linux-gnu/host-tools --with-mpfr=/tmp/dgboter/bbs/bc-b1-2-12--rhe6x86_64/buildbot/rhe6x86_64--aarch64-linux-gnu/build/build-aarch64-linux-gnu/host-tools --with-mpc=/tmp/dgboter/bbs/bc-b1-2-12--rhe6x86_64/buildbot/rhe6x86_64--aarch64-linux-gnu/build/build-aarch64-linux-gnu/host-tools --with-isl=/tmp/dgboter/bbs/bc-b1-2-12--rhe6x86_64/buildbot/rhe6x86_64--aarch64-linux-gnu/build/build-aarch64-linux-gnu/host-tools --enable-fix-cortex-a53-843419 --with-pkgversion='GNU Toolchain for the A-profile Architecture 8.2-2018-08 (arm-rel-8.23)']
  ignore line: [Thread model: posix]
  ignore line: [gcc version 8.2.1 20180802 (GNU Toolchain for the A-profile Architecture 8.2-2018-08 (arm-rel-8.23)) ]
  ignore line: [COMPILER_PATH=/home/liurenju/Desktop/research/optee-hikey960-3.5.0/toolchains/aarch64/bin/../libexec/gcc/aarch64-linux-gnu/8.2.1/:/home/liurenju/Desktop/research/optee-hikey960-3.5.0/toolchains/aarch64/bin/../libexec/gcc/:/home/liurenju/Desktop/research/optee-hikey960-3.5.0/toolchains/aarch64/bin/../lib/gcc/aarch64-linux-gnu/8.2.1/../../../../aarch64-linux-gnu/bin/]
  ignore line: [LIBRARY_PATH=/home/liurenju/Desktop/research/optee-hikey960-3.5.0/toolchains/aarch64/bin/../lib/gcc/aarch64-linux-gnu/8.2.1/:/home/liurenju/Desktop/research/optee-hikey960-3.5.0/toolchains/aarch64/bin/../lib/gcc/:/home/liurenju/Desktop/research/optee-hikey960-3.5.0/toolchains/aarch64/bin/../lib/gcc/aarch64-linux-gnu/8.2.1/../../../../aarch64-linux-gnu/lib/../lib64/:/home/liurenju/Desktop/research/optee-hikey960-3.5.0/toolchains/aarch64/bin/../aarch64-linux-gnu/libc/lib/../lib64/:/home/liurenju/Desktop/research/optee-hikey960-3.5.0/toolchains/aarch64/bin/../aarch64-linux-gnu/libc/usr/lib/../lib64/:/home/liurenju/Desktop/research/optee-hikey960-3.5.0/toolchains/aarch64/bin/../lib/gcc/aarch64-linux-gnu/8.2.1/../../../../aarch64-linux-gnu/lib/:/home/liurenju/Desktop/research/optee-hikey960-3.5.0/toolchains/aarch64/bin/../aarch64-linux-gnu/libc/lib/:/home/liurenju/Desktop/research/optee-hikey960-3.5.0/toolchains/aarch64/bin/../aarch64-linux-gnu/libc/usr/lib/]
  ignore line: [COLLECT_GCC_OPTIONS='-v' '-rdynamic' '-o' 'cmTC_d1ffc' '-mlittle-endian' '-mabi=lp64']
  link line: [ /home/liurenju/Desktop/research/optee-hikey960-3.5.0/toolchains/aarch64/bin/../libexec/gcc/aarch64-linux-gnu/8.2.1/collect2 -plugin /home/liurenju/Desktop/research/optee-hikey960-3.5.0/toolchains/aarch64/bin/../libexec/gcc/aarch64-linux-gnu/8.2.1/liblto_plugin.so -plugin-opt=/home/liurenju/Desktop/research/optee-hikey960-3.5.0/toolchains/aarch64/bin/../libexec/gcc/aarch64-linux-gnu/8.2.1/lto-wrapper -plugin-opt=-fresolution=/tmp/cczBZArT.res -plugin-opt=-pass-through=-lgcc -plugin-opt=-pass-through=-lgcc_s -plugin-opt=-pass-through=-lc -plugin-opt=-pass-through=-lgcc -plugin-opt=-pass-through=-lgcc_s --sysroot=/home/liurenju/Desktop/research/optee-hikey960-3.5.0/toolchains/aarch64/bin/../aarch64-linux-gnu/libc --eh-frame-hdr -export-dynamic -dynamic-linker /lib/ld-linux-aarch64.so.1 -X -EL -maarch64linux --fix-cortex-a53-843419 -o cmTC_d1ffc /home/liurenju/Desktop/research/optee-hikey960-3.5.0/toolchains/aarch64/bin/../aarch64-linux-gnu/libc/usr/lib/../lib64/crt1.o /home/liurenju/Desktop/research/optee-hikey960-3.5.0/toolchains/aarch64/bin/../aarch64-linux-gnu/libc/usr/lib/../lib64/crti.o /home/liurenju/Desktop/research/optee-hikey960-3.5.0/toolchains/aarch64/bin/../lib/gcc/aarch64-linux-gnu/8.2.1/crtbegin.o -L/home/liurenju/Desktop/research/optee-hikey960-3.5.0/toolchains/aarch64/bin/../lib/gcc/aarch64-linux-gnu/8.2.1 -L/home/liurenju/Desktop/research/optee-hikey960-3.5.0/toolchains/aarch64/bin/../lib/gcc -L/home/liurenju/Desktop/research/optee-hikey960-3.5.0/toolchains/aarch64/bin/../lib/gcc/aarch64-linux-gnu/8.2.1/../../../../aarch64-linux-gnu/lib/../lib64 -L/home/liurenju/Desktop/research/optee-hikey960-3.5.0/toolchains/aarch64/bin/../aarch64-linux-gnu/libc/lib/../lib64 -L/home/liurenju/Desktop/research/optee-hikey960-3.5.0/toolchains/aarch64/bin/../aarch64-linux-gnu/libc/usr/lib/../lib64 -L/home/liurenju/Desktop/research/optee-hikey960-3.5.0/toolchains/aarch64/bin/../lib/gcc/aarch64-linux-gnu/8.2.1/../../../../aarch64-linux-gnu/lib -L/home/liurenju/Desktop/research/optee-hikey960-3.5.0/toolchains/aarch64/bin/../aarch64-linux-gnu/libc/lib -L/home/liurenju/Desktop/research/optee-hikey960-3.5.0/toolchains/aarch64/bin/../aarch64-linux-gnu/libc/usr/lib CMakeFiles/cmTC_d1ffc.dir/CMakeCCompilerABI.c.o -lgcc --as-needed -lgcc_s --no-as-needed -lc -lgcc --as-needed -lgcc_s --no-as-needed /home/liurenju/Desktop/research/optee-hikey960-3.5.0/toolchains/aarch64/bin/../lib/gcc/aarch64-linux-gnu/8.2.1/crtend.o /home/liurenju/Desktop/research/optee-hikey960-3.5.0/toolchains/aarch64/bin/../aarch64-linux-gnu/libc/usr/lib/../lib64/crtn.o]
    arg [/home/liurenju/Desktop/research/optee-hikey960-3.5.0/toolchains/aarch64/bin/../libexec/gcc/aarch64-linux-gnu/8.2.1/collect2] ==> ignore
    arg [-plugin] ==> ignore
    arg [/home/liurenju/Desktop/research/optee-hikey960-3.5.0/toolchains/aarch64/bin/../libexec/gcc/aarch64-linux-gnu/8.2.1/liblto_plugin.so] ==> ignore
    arg [-plugin-opt=/home/liurenju/Desktop/research/optee-hikey960-3.5.0/toolchains/aarch64/bin/../libexec/gcc/aarch64-linux-gnu/8.2.1/lto-wrapper] ==> ignore
    arg [-plugin-opt=-fresolution=/tmp/cczBZArT.res] ==> ignore
    arg [-plugin-opt=-pass-through=-lgcc] ==> ignore
    arg [-plugin-opt=-pass-through=-lgcc_s] ==> ignore
    arg [-plugin-opt=-pass-through=-lc] ==> ignore
    arg [-plugin-opt=-pass-through=-lgcc] ==> ignore
    arg [-plugin-opt=-pass-through=-lgcc_s] ==> ignore
    arg [--sysroot=/home/liurenju/Desktop/research/optee-hikey960-3.5.0/toolchains/aarch64/bin/../aarch64-linux-gnu/libc] ==> ignore
    arg [--eh-frame-hdr] ==> ignore
    arg [-export-dynamic] ==> ignore
    arg [-dynamic-linker] ==> ignore
    arg [/lib/ld-linux-aarch64.so.1] ==> ignore
    arg [-X] ==> ignore
    arg [-EL] ==> ignore
    arg [-maarch64linux] ==> ignore
    arg [--fix-cortex-a53-843419] ==> ignore
    arg [-o] ==> ignore
    arg [cmTC_d1ffc] ==> ignore
    arg [/home/liurenju/Desktop/research/optee-hikey960-3.5.0/toolchains/aarch64/bin/../aarch64-linux-gnu/libc/usr/lib/../lib64/crt1.o] ==> ignore
    arg [/home/liurenju/Desktop/research/optee-hikey960-3.5.0/toolchains/aarch64/bin/../aarch64-linux-gnu/libc/usr/lib/../lib64/crti.o] ==> ignore
    arg [/home/liurenju/Desktop/research/optee-hikey960-3.5.0/toolchains/aarch64/bin/../lib/gcc/aarch64-linux-gnu/8.2.1/crtbegin.o] ==> ignore
    arg [-L/home/liurenju/Desktop/research/optee-hikey960-3.5.0/toolchains/aarch64/bin/../lib/gcc/aarch64-linux-gnu/8.2.1] ==> dir [/home/liurenju/Desktop/research/optee-hikey960-3.5.0/toolchains/aarch64/bin/../lib/gcc/aarch64-linux-gnu/8.2.1]
    arg [-L/home/liurenju/Desktop/research/optee-hikey960-3.5.0/toolchains/aarch64/bin/../lib/gcc] ==> dir [/home/liurenju/Desktop/research/optee-hikey960-3.5.0/toolchains/aarch64/bin/../lib/gcc]
    arg [-L/home/liurenju/Desktop/research/optee-hikey960-3.5.0/toolchains/aarch64/bin/../lib/gcc/aarch64-linux-gnu/8.2.1/../../../../aarch64-linux-gnu/lib/../lib64] ==> dir [/home/liurenju/Desktop/research/optee-hikey960-3.5.0/toolchains/aarch64/bin/../lib/gcc/aarch64-linux-gnu/8.2.1/../../../../aarch64-linux-gnu/lib/../lib64]
    arg [-L/home/liurenju/Desktop/research/optee-hikey960-3.5.0/toolchains/aarch64/bin/../aarch64-linux-gnu/libc/lib/../lib64] ==> dir [/home/liurenju/Desktop/research/optee-hikey960-3.5.0/toolchains/aarch64/bin/../aarch64-linux-gnu/libc/lib/../lib64]
    arg [-L/home/liurenju/Desktop/research/optee-hikey960-3.5.0/toolchains/aarch64/bin/../aarch64-linux-gnu/libc/usr/lib/../lib64] ==> dir [/home/liurenju/Desktop/research/optee-hikey960-3.5.0/toolchains/aarch64/bin/../aarch64-linux-gnu/libc/usr/lib/../lib64]
    arg [-L/home/liurenju/Desktop/research/optee-hikey960-3.5.0/toolchains/aarch64/bin/../lib/gcc/aarch64-linux-gnu/8.2.1/../../../../aarch64-linux-gnu/lib] ==> dir [/home/liurenju/Desktop/research/optee-hikey960-3.5.0/toolchains/aarch64/bin/../lib/gcc/aarch64-linux-gnu/8.2.1/../../../../aarch64-linux-gnu/lib]
    arg [-L/home/liurenju/Desktop/research/optee-hikey960-3.5.0/toolchains/aarch64/bin/../aarch64-linux-gnu/libc/lib] ==> dir [/home/liurenju/Desktop/research/optee-hikey960-3.5.0/toolchains/aarch64/bin/../aarch64-linux-gnu/libc/lib]
    arg [-L/home/liurenju/Desktop/research/optee-hikey960-3.5.0/toolchains/aarch64/bin/../aarch64-linux-gnu/libc/usr/lib] ==> dir [/home/liurenju/Desktop/research/optee-hikey960-3.5.0/toolchains/aarch64/bin/../aarch64-linux-gnu/libc/usr/lib]
    arg [CMakeFiles/cmTC_d1ffc.dir/CMakeCCompilerABI.c.o] ==> ignore
    arg [-lgcc] ==> lib [gcc]
    arg [--as-needed] ==> ignore
    arg [-lgcc_s] ==> lib [gcc_s]
    arg [--no-as-needed] ==> ignore
    arg [-lc] ==> lib [c]
    arg [-lgcc] ==> lib [gcc]
    arg [--as-needed] ==> ignore
    arg [-lgcc_s] ==> lib [gcc_s]
    arg [--no-as-needed] ==> ignore
    arg [/home/liurenju/Desktop/research/optee-hikey960-3.5.0/toolchains/aarch64/bin/../lib/gcc/aarch64-linux-gnu/8.2.1/crtend.o] ==> ignore
    arg [/home/liurenju/Desktop/research/optee-hikey960-3.5.0/toolchains/aarch64/bin/../aarch64-linux-gnu/libc/usr/lib/../lib64/crtn.o] ==> ignore
  collapse library dir [/home/liurenju/Desktop/research/optee-hikey960-3.5.0/toolchains/aarch64/bin/../lib/gcc/aarch64-linux-gnu/8.2.1] ==> [/home/liurenju/Desktop/research/optee-hikey960-3.5.0/toolchains/aarch64/lib/gcc/aarch64-linux-gnu/8.2.1]
  collapse library dir [/home/liurenju/Desktop/research/optee-hikey960-3.5.0/toolchains/aarch64/bin/../lib/gcc] ==> [/home/liurenju/Desktop/research/optee-hikey960-3.5.0/toolchains/aarch64/lib/gcc]
  collapse library dir [/home/liurenju/Desktop/research/optee-hikey960-3.5.0/toolchains/aarch64/bin/../lib/gcc/aarch64-linux-gnu/8.2.1/../../../../aarch64-linux-gnu/lib/../lib64] ==> [/home/liurenju/Desktop/research/optee-hikey960-3.5.0/toolchains/aarch64/aarch64-linux-gnu/lib64]
  collapse library dir [/home/liurenju/Desktop/research/optee-hikey960-3.5.0/toolchains/aarch64/bin/../aarch64-linux-gnu/libc/lib/../lib64] ==> [/home/liurenju/Desktop/research/optee-hikey960-3.5.0/toolchains/aarch64/aarch64-linux-gnu/libc/lib64]
  collapse library dir [/home/liurenju/Desktop/research/optee-hikey960-3.5.0/toolchains/aarch64/bin/../aarch64-linux-gnu/libc/usr/lib/../lib64] ==> [/home/liurenju/Desktop/research/optee-hikey960-3.5.0/toolchains/aarch64/aarch64-linux-gnu/libc/usr/lib64]
  collapse library dir [/home/liurenju/Desktop/research/optee-hikey960-3.5.0/toolchains/aarch64/bin/../lib/gcc/aarch64-linux-gnu/8.2.1/../../../../aarch64-linux-gnu/lib] ==> [/home/liurenju/Desktop/research/optee-hikey960-3.5.0/toolchains/aarch64/aarch64-linux-gnu/lib]
  collapse library dir [/home/liurenju/Desktop/research/optee-hikey960-3.5.0/toolchains/aarch64/bin/../aarch64-linux-gnu/libc/lib] ==> [/home/liurenju/Desktop/research/optee-hikey960-3.5.0/toolchains/aarch64/aarch64-linux-gnu/libc/lib]
  collapse library dir [/home/liurenju/Desktop/research/optee-hikey960-3.5.0/toolchains/aarch64/bin/../aarch64-linux-gnu/libc/usr/lib] ==> [/home/liurenju/Desktop/research/optee-hikey960-3.5.0/toolchains/aarch64/aarch64-linux-gnu/libc/usr/lib]
  implicit libs: [gcc;gcc_s;c;gcc;gcc_s]
  implicit dirs: [/home/liurenju/Desktop/research/optee-hikey960-3.5.0/toolchains/aarch64/lib/gcc/aarch64-linux-gnu/8.2.1;/home/liurenju/Desktop/research/optee-hikey960-3.5.0/toolchains/aarch64/lib/gcc;/home/liurenju/Desktop/research/optee-hikey960-3.5.0/toolchains/aarch64/aarch64-linux-gnu/lib64;/home/liurenju/Desktop/research/optee-hikey960-3.5.0/toolchains/aarch64/aarch64-linux-gnu/libc/lib64;/home/liurenju/Desktop/research/optee-hikey960-3.5.0/toolchains/aarch64/aarch64-linux-gnu/libc/usr/lib64;/home/liurenju/Desktop/research/optee-hikey960-3.5.0/toolchains/aarch64/aarch64-linux-gnu/lib;/home/liurenju/Desktop/research/optee-hikey960-3.5.0/toolchains/aarch64/aarch64-linux-gnu/libc/lib;/home/liurenju/Desktop/research/optee-hikey960-3.5.0/toolchains/aarch64/aarch64-linux-gnu/libc/usr/lib]
  implicit fwks: []




Detecting C [-std=c11] compiler features compiled with the following output:
Change Dir: /home/liurenju/Desktop/research/iccad-2020/wasm-micro-runtime/product-mini/platforms/linux/build/CMakeFiles/CMakeTmp

Run Build Command:"/usr/bin/make" "cmTC_f22f0/fast"
/usr/bin/make -f CMakeFiles/cmTC_f22f0.dir/build.make CMakeFiles/cmTC_f22f0.dir/build
make[1]: Entering directory '/home/liurenju/Desktop/research/iccad-2020/wasm-micro-runtime/product-mini/platforms/linux/build/CMakeFiles/CMakeTmp'
Building C object CMakeFiles/cmTC_f22f0.dir/feature_tests.c.o
/home/liurenju/Desktop/research/optee-hikey960-3.5.0/toolchains/aarch64/bin/aarch64-linux-gnu-gcc   -std=c11 -o CMakeFiles/cmTC_f22f0.dir/feature_tests.c.o   -c /home/liurenju/Desktop/research/iccad-2020/wasm-micro-runtime/product-mini/platforms/linux/build/CMakeFiles/feature_tests.c
Linking C executable cmTC_f22f0
/usr/bin/cmake -E cmake_link_script CMakeFiles/cmTC_f22f0.dir/link.txt --verbose=1
/home/liurenju/Desktop/research/optee-hikey960-3.5.0/toolchains/aarch64/bin/aarch64-linux-gnu-gcc      -rdynamic CMakeFiles/cmTC_f22f0.dir/feature_tests.c.o  -o cmTC_f22f0 
make[1]: Leaving directory '/home/liurenju/Desktop/research/iccad-2020/wasm-micro-runtime/product-mini/platforms/linux/build/CMakeFiles/CMakeTmp'


    Feature record: C_FEATURE:1c_function_prototypes
    Feature record: C_FEATURE:1c_restrict
    Feature record: C_FEATURE:1c_static_assert
    Feature record: C_FEATURE:1c_variadic_macros


Detecting C [-std=c99] compiler features compiled with the following output:
Change Dir: /home/liurenju/Desktop/research/iccad-2020/wasm-micro-runtime/product-mini/platforms/linux/build/CMakeFiles/CMakeTmp

Run Build Command:"/usr/bin/make" "cmTC_470d0/fast"
/usr/bin/make -f CMakeFiles/cmTC_470d0.dir/build.make CMakeFiles/cmTC_470d0.dir/build
make[1]: Entering directory '/home/liurenju/Desktop/research/iccad-2020/wasm-micro-runtime/product-mini/platforms/linux/build/CMakeFiles/CMakeTmp'
Building C object CMakeFiles/cmTC_470d0.dir/feature_tests.c.o
/home/liurenju/Desktop/research/optee-hikey960-3.5.0/toolchains/aarch64/bin/aarch64-linux-gnu-gcc   -std=c99 -o CMakeFiles/cmTC_470d0.dir/feature_tests.c.o   -c /home/liurenju/Desktop/research/iccad-2020/wasm-micro-runtime/product-mini/platforms/linux/build/CMakeFiles/feature_tests.c
Linking C executable cmTC_470d0
/usr/bin/cmake -E cmake_link_script CMakeFiles/cmTC_470d0.dir/link.txt --verbose=1
/home/liurenju/Desktop/research/optee-hikey960-3.5.0/toolchains/aarch64/bin/aarch64-linux-gnu-gcc      -rdynamic CMakeFiles/cmTC_470d0.dir/feature_tests.c.o  -o cmTC_470d0 
make[1]: Leaving directory '/home/liurenju/Desktop/research/iccad-2020/wasm-micro-runtime/product-mini/platforms/linux/build/CMakeFiles/CMakeTmp'


    Feature record: C_FEATURE:1c_function_prototypes
    Feature record: C_FEATURE:1c_restrict
    Feature record: C_FEATURE:0c_static_assert
    Feature record: C_FEATURE:1c_variadic_macros


Detecting C [-std=c90] compiler features compiled with the following output:
Change Dir: /home/liurenju/Desktop/research/iccad-2020/wasm-micro-runtime/product-mini/platforms/linux/build/CMakeFiles/CMakeTmp

Run Build Command:"/usr/bin/make" "cmTC_ae12d/fast"
/usr/bin/make -f CMakeFiles/cmTC_ae12d.dir/build.make CMakeFiles/cmTC_ae12d.dir/build
make[1]: Entering directory '/home/liurenju/Desktop/research/iccad-2020/wasm-micro-runtime/product-mini/platforms/linux/build/CMakeFiles/CMakeTmp'
Building C object CMakeFiles/cmTC_ae12d.dir/feature_tests.c.o
/home/liurenju/Desktop/research/optee-hikey960-3.5.0/toolchains/aarch64/bin/aarch64-linux-gnu-gcc   -std=c90 -o CMakeFiles/cmTC_ae12d.dir/feature_tests.c.o   -c /home/liurenju/Desktop/research/iccad-2020/wasm-micro-runtime/product-mini/platforms/linux/build/CMakeFiles/feature_tests.c
Linking C executable cmTC_ae12d
/usr/bin/cmake -E cmake_link_script CMakeFiles/cmTC_ae12d.dir/link.txt --verbose=1
/home/liurenju/Desktop/research/optee-hikey960-3.5.0/toolchains/aarch64/bin/aarch64-linux-gnu-gcc      -rdynamic CMakeFiles/cmTC_ae12d.dir/feature_tests.c.o  -o cmTC_ae12d 
make[1]: Leaving directory '/home/liurenju/Desktop/research/iccad-2020/wasm-micro-runtime/product-mini/platforms/linux/build/CMakeFiles/CMakeTmp'


    Feature record: C_FEATURE:1c_function_prototypes
    Feature record: C_FEATURE:0c_restrict
    Feature record: C_FEATURE:0c_static_assert
    Feature record: C_FEATURE:0c_variadic_macros
Determining if the CXX compiler works passed with the following output:
Change Dir: /home/liurenju/Desktop/research/iccad-2020/wasm-micro-runtime/product-mini/platforms/linux/build/CMakeFiles/CMakeTmp

Run Build Command:"/usr/bin/make" "cmTC_7b547/fast"
/usr/bin/make -f CMakeFiles/cmTC_7b547.dir/build.make CMakeFiles/cmTC_7b547.dir/build
make[1]: Entering directory '/home/liurenju/Desktop/research/iccad-2020/wasm-micro-runtime/product-mini/platforms/linux/build/CMakeFiles/CMakeTmp'
Building CXX object CMakeFiles/cmTC_7b547.dir/testCXXCompiler.cxx.o
/home/liurenju/Desktop/research/optee-hikey960-3.5.0/toolchains/aarch64/bin/aarch64-linux-gnu-g++     -o CMakeFiles/cmTC_7b547.dir/testCXXCompiler.cxx.o -c /home/liurenju/Desktop/research/iccad-2020/wasm-micro-runtime/product-mini/platforms/linux/build/CMakeFiles/CMakeTmp/testCXXCompiler.cxx
Linking CXX executable cmTC_7b547
/usr/bin/cmake -E cmake_link_script CMakeFiles/cmTC_7b547.dir/link.txt --verbose=1
/home/liurenju/Desktop/research/optee-hikey960-3.5.0/toolchains/aarch64/bin/aarch64-linux-gnu-g++       -rdynamic CMakeFiles/cmTC_7b547.dir/testCXXCompiler.cxx.o  -o cmTC_7b547 
make[1]: Leaving directory '/home/liurenju/Desktop/research/iccad-2020/wasm-micro-runtime/product-mini/platforms/linux/build/CMakeFiles/CMakeTmp'


Detecting CXX compiler ABI info compiled with the following output:
Change Dir: /home/liurenju/Desktop/research/iccad-2020/wasm-micro-runtime/product-mini/platforms/linux/build/CMakeFiles/CMakeTmp

Run Build Command:"/usr/bin/make" "cmTC_c1c2f/fast"
/usr/bin/make -f CMakeFiles/cmTC_c1c2f.dir/build.make CMakeFiles/cmTC_c1c2f.dir/build
make[1]: Entering directory '/home/liurenju/Desktop/research/iccad-2020/wasm-micro-runtime/product-mini/platforms/linux/build/CMakeFiles/CMakeTmp'
Building CXX object CMakeFiles/cmTC_c1c2f.dir/CMakeCXXCompilerABI.cpp.o
/home/liurenju/Desktop/research/optee-hikey960-3.5.0/toolchains/aarch64/bin/aarch64-linux-gnu-g++     -o CMakeFiles/cmTC_c1c2f.dir/CMakeCXXCompilerABI.cpp.o -c /usr/share/cmake-3.10/Modules/CMakeCXXCompilerABI.cpp
Linking CXX executable cmTC_c1c2f
/usr/bin/cmake -E cmake_link_script CMakeFiles/cmTC_c1c2f.dir/link.txt --verbose=1
/home/liurenju/Desktop/research/optee-hikey960-3.5.0/toolchains/aarch64/bin/aarch64-linux-gnu-g++      -v -rdynamic CMakeFiles/cmTC_c1c2f.dir/CMakeCXXCompilerABI.cpp.o  -o cmTC_c1c2f 
Using built-in specs.
COLLECT_GCC=/home/liurenju/Desktop/research/optee-hikey960-3.5.0/toolchains/aarch64/bin/aarch64-linux-gnu-g++
COLLECT_LTO_WRAPPER=/home/liurenju/Desktop/research/optee-hikey960-3.5.0/toolchains/aarch64/bin/../libexec/gcc/aarch64-linux-gnu/8.2.1/lto-wrapper
Target: aarch64-linux-gnu
Configured with: /tmp/dgboter/bbs/bc-b1-2-12--rhe6x86_64/buildbot/rhe6x86_64--aarch64-linux-gnu/build/src/gcc/configure --target=aarch64-linux-gnu --prefix= --with-sysroot=/aarch64-linux-gnu/libc --with-build-sysroot=/tmp/dgboter/bbs/bc-b1-2-12--rhe6x86_64/buildbot/rhe6x86_64--aarch64-linux-gnu/build/build-aarch64-linux-gnu/install//aarch64-linux-gnu/libc --enable-gnu-indirect-function --enable-shared --disable-libssp --disable-libmudflap --disable-libsanitizer --enable-checking=release --enable-languages=c,c++,fortran --with-gmp=/tmp/dgboter/bbs/bc-b1-2-12--rhe6x86_64/buildbot/rhe6x86_64--aarch64-linux-gnu/build/build-aarch64-linux-gnu/host-tools --with-mpfr=/tmp/dgboter/bbs/bc-b1-2-12--rhe6x86_64/buildbot/rhe6x86_64--aarch64-linux-gnu/build/build-aarch64-linux-gnu/host-tools --with-mpc=/tmp/dgboter/bbs/bc-b1-2-12--rhe6x86_64/buildbot/rhe6x86_64--aarch64-linux-gnu/build/build-aarch64-linux-gnu/host-tools --with-isl=/tmp/dgboter/bbs/bc-b1-2-12--rhe6x86_64/buildbot/rhe6x86_64--aarch64-linux-gnu/build/build-aarch64-linux-gnu/host-tools --enable-fix-cortex-a53-843419 --with-pkgversion='GNU Toolchain for the A-profile Architecture 8.2-2018-08 (arm-rel-8.23)'
Thread model: posix
gcc version 8.2.1 20180802 (GNU Toolchain for the A-profile Architecture 8.2-2018-08 (arm-rel-8.23)) 
COMPILER_PATH=/home/liurenju/Desktop/research/optee-hikey960-3.5.0/toolchains/aarch64/bin/../libexec/gcc/aarch64-linux-gnu/8.2.1/:/home/liurenju/Desktop/research/optee-hikey960-3.5.0/toolchains/aarch64/bin/../libexec/gcc/:/home/liurenju/Desktop/research/optee-hikey960-3.5.0/toolchains/aarch64/bin/../lib/gcc/aarch64-linux-gnu/8.2.1/../../../../aarch64-linux-gnu/bin/
LIBRARY_PATH=/home/liurenju/Desktop/research/optee-hikey960-3.5.0/toolchains/aarch64/bin/../lib/gcc/aarch64-linux-gnu/8.2.1/:/home/liurenju/Desktop/research/optee-hikey960-3.5.0/toolchains/aarch64/bin/../lib/gcc/:/home/liurenju/Desktop/research/optee-hikey960-3.5.0/toolchains/aarch64/bin/../lib/gcc/aarch64-linux-gnu/8.2.1/../../../../aarch64-linux-gnu/lib/../lib64/:/home/liurenju/Desktop/research/optee-hikey960-3.5.0/toolchains/aarch64/bin/../aarch64-linux-gnu/libc/lib/../lib64/:/home/liurenju/Desktop/research/optee-hikey960-3.5.0/toolchains/aarch64/bin/../aarch64-linux-gnu/libc/usr/lib/../lib64/:/home/liurenju/Desktop/research/optee-hikey960-3.5.0/toolchains/aarch64/bin/../lib/gcc/aarch64-linux-gnu/8.2.1/../../../../aarch64-linux-gnu/lib/:/home/liurenju/Desktop/research/optee-hikey960-3.5.0/toolchains/aarch64/bin/../aarch64-linux-gnu/libc/lib/:/home/liurenju/Desktop/research/optee-hikey960-3.5.0/toolchains/aarch64/bin/../aarch64-linux-gnu/libc/usr/lib/
COLLECT_GCC_OPTIONS='-v' '-rdynamic' '-o' 'cmTC_c1c2f' '-shared-libgcc' '-mlittle-endian' '-mabi=lp64'
 /home/liurenju/Desktop/research/optee-hikey960-3.5.0/toolchains/aarch64/bin/../libexec/gcc/aarch64-linux-gnu/8.2.1/collect2 -plugin /home/liurenju/Desktop/research/optee-hikey960-3.5.0/toolchains/aarch64/bin/../libexec/gcc/aarch64-linux-gnu/8.2.1/liblto_plugin.so -plugin-opt=/home/liurenju/Desktop/research/optee-hikey960-3.5.0/toolchains/aarch64/bin/../libexec/gcc/aarch64-linux-gnu/8.2.1/lto-wrapper -plugin-opt=-fresolution=/tmp/cc4qDPis.res -plugin-opt=-pass-through=-lgcc_s -plugin-opt=-pass-through=-lgcc -plugin-opt=-pass-through=-lc -plugin-opt=-pass-through=-lgcc_s -plugin-opt=-pass-through=-lgcc --sysroot=/home/liurenju/Desktop/research/optee-hikey960-3.5.0/toolchains/aarch64/bin/../aarch64-linux-gnu/libc --eh-frame-hdr -export-dynamic -dynamic-linker /lib/ld-linux-aarch64.so.1 -X -EL -maarch64linux --fix-cortex-a53-843419 -o cmTC_c1c2f /home/liurenju/Desktop/research/optee-hikey960-3.5.0/toolchains/aarch64/bin/../aarch64-linux-gnu/libc/usr/lib/../lib64/crt1.o /home/liurenju/Desktop/research/optee-hikey960-3.5.0/toolchains/aarch64/bin/../aarch64-linux-gnu/libc/usr/lib/../lib64/crti.o /home/liurenju/Desktop/research/optee-hikey960-3.5.0/toolchains/aarch64/bin/../lib/gcc/aarch64-linux-gnu/8.2.1/crtbegin.o -L/home/liurenju/Desktop/research/optee-hikey960-3.5.0/toolchains/aarch64/bin/../lib/gcc/aarch64-linux-gnu/8.2.1 -L/home/liurenju/Desktop/research/optee-hikey960-3.5.0/toolchains/aarch64/bin/../lib/gcc -L/home/liurenju/Desktop/research/optee-hikey960-3.5.0/toolchains/aarch64/bin/../lib/gcc/aarch64-linux-gnu/8.2.1/../../../../aarch64-linux-gnu/lib/../lib64 -L/home/liurenju/Desktop/research/optee-hikey960-3.5.0/toolchains/aarch64/bin/../aarch64-linux-gnu/libc/lib/../lib64 -L/home/liurenju/Desktop/research/optee-hikey960-3.5.0/toolchains/aarch64/bin/../aarch64-linux-gnu/libc/usr/lib/../lib64 -L/home/liurenju/Desktop/research/optee-hikey960-3.5.0/toolchains/aarch64/bin/../lib/gcc/aarch64-linux-gnu/8.2.1/../../../../aarch64-linux-gnu/lib -L/home/liurenju/Desktop/research/optee-hikey960-3.5.0/toolchains/aarch64/bin/../aarch64-linux-gnu/libc/lib -L/home/liurenju/Desktop/research/optee-hikey960-3.5.0/toolchains/aarch64/bin/../aarch64-linux-gnu/libc/usr/lib CMakeFiles/cmTC_c1c2f.dir/CMakeCXXCompilerABI.cpp.o -lstdc++ -lm -lgcc_s -lgcc -lc -lgcc_s -lgcc /home/liurenju/Desktop/research/optee-hikey960-3.5.0/toolchains/aarch64/bin/../lib/gcc/aarch64-linux-gnu/8.2.1/crtend.o /home/liurenju/Desktop/research/optee-hikey960-3.5.0/toolchains/aarch64/bin/../aarch64-linux-gnu/libc/usr/lib/../lib64/crtn.o
COLLECT_GCC_OPTIONS='-v' '-rdynamic' '-o' 'cmTC_c1c2f' '-shared-libgcc' '-mlittle-endian' '-mabi=lp64'
make[1]: Leaving directory '/home/liurenju/Desktop/research/iccad-2020/wasm-micro-runtime/product-mini/platforms/linux/build/CMakeFiles/CMakeTmp'


Parsed CXX implicit link information from above output:
  link line regex: [^( *|.*[/\])(ld|CMAKE_LINK_STARTFILE-NOTFOUND|([^/\]+-)?ld|collect2)[^/\]*( |$)]
  ignore line: [Change Dir: /home/liurenju/Desktop/research/iccad-2020/wasm-micro-runtime/product-mini/platforms/linux/build/CMakeFiles/CMakeTmp]
  ignore line: []
  ignore line: [Run Build Command:"/usr/bin/make" "cmTC_c1c2f/fast"]
  ignore line: [/usr/bin/make -f CMakeFiles/cmTC_c1c2f.dir/build.make CMakeFiles/cmTC_c1c2f.dir/build]
  ignore line: [make[1]: Entering directory '/home/liurenju/Desktop/research/iccad-2020/wasm-micro-runtime/product-mini/platforms/linux/build/CMakeFiles/CMakeTmp']
  ignore line: [Building CXX object CMakeFiles/cmTC_c1c2f.dir/CMakeCXXCompilerABI.cpp.o]
  ignore line: [/home/liurenju/Desktop/research/optee-hikey960-3.5.0/toolchains/aarch64/bin/aarch64-linux-gnu-g++     -o CMakeFiles/cmTC_c1c2f.dir/CMakeCXXCompilerABI.cpp.o -c /usr/share/cmake-3.10/Modules/CMakeCXXCompilerABI.cpp]
  ignore line: [Linking CXX executable cmTC_c1c2f]
  ignore line: [/usr/bin/cmake -E cmake_link_script CMakeFiles/cmTC_c1c2f.dir/link.txt --verbose=1]
  ignore line: [/home/liurenju/Desktop/research/optee-hikey960-3.5.0/toolchains/aarch64/bin/aarch64-linux-gnu-g++      -v -rdynamic CMakeFiles/cmTC_c1c2f.dir/CMakeCXXCompilerABI.cpp.o  -o cmTC_c1c2f ]
  ignore line: [Using built-in specs.]
  ignore line: [COLLECT_GCC=/home/liurenju/Desktop/research/optee-hikey960-3.5.0/toolchains/aarch64/bin/aarch64-linux-gnu-g++]
  ignore line: [COLLECT_LTO_WRAPPER=/home/liurenju/Desktop/research/optee-hikey960-3.5.0/toolchains/aarch64/bin/../libexec/gcc/aarch64-linux-gnu/8.2.1/lto-wrapper]
  ignore line: [Target: aarch64-linux-gnu]
  ignore line: [Configured with: /tmp/dgboter/bbs/bc-b1-2-12--rhe6x86_64/buildbot/rhe6x86_64--aarch64-linux-gnu/build/src/gcc/configure --target=aarch64-linux-gnu --prefix= --with-sysroot=/aarch64-linux-gnu/libc --with-build-sysroot=/tmp/dgboter/bbs/bc-b1-2-12--rhe6x86_64/buildbot/rhe6x86_64--aarch64-linux-gnu/build/build-aarch64-linux-gnu/install//aarch64-linux-gnu/libc --enable-gnu-indirect-function --enable-shared --disable-libssp --disable-libmudflap --disable-libsanitizer --enable-checking=release --enable-languages=c,c++,fortran --with-gmp=/tmp/dgboter/bbs/bc-b1-2-12--rhe6x86_64/buildbot/rhe6x86_64--aarch64-linux-gnu/build/build-aarch64-linux-gnu/host-tools --with-mpfr=/tmp/dgboter/bbs/bc-b1-2-12--rhe6x86_64/buildbot/rhe6x86_64--aarch64-linux-gnu/build/build-aarch64-linux-gnu/host-tools --with-mpc=/tmp/dgboter/bbs/bc-b1-2-12--rhe6x86_64/buildbot/rhe6x86_64--aarch64-linux-gnu/build/build-aarch64-linux-gnu/host-tools --with-isl=/tmp/dgboter/bbs/bc-b1-2-12--rhe6x86_64/buildbot/rhe6x86_64--aarch64-linux-gnu/build/build-aarch64-linux-gnu/host-tools --enable-fix-cortex-a53-843419 --with-pkgversion='GNU Toolchain for the A-profile Architecture 8.2-2018-08 (arm-rel-8.23)']
  ignore line: [Thread model: posix]
  ignore line: [gcc version 8.2.1 20180802 (GNU Toolchain for the A-profile Architecture 8.2-2018-08 (arm-rel-8.23)) ]
  ignore line: [COMPILER_PATH=/home/liurenju/Desktop/research/optee-hikey960-3.5.0/toolchains/aarch64/bin/../libexec/gcc/aarch64-linux-gnu/8.2.1/:/home/liurenju/Desktop/research/optee-hikey960-3.5.0/toolchains/aarch64/bin/../libexec/gcc/:/home/liurenju/Desktop/research/optee-hikey960-3.5.0/toolchains/aarch64/bin/../lib/gcc/aarch64-linux-gnu/8.2.1/../../../../aarch64-linux-gnu/bin/]
  ignore line: [LIBRARY_PATH=/home/liurenju/Desktop/research/optee-hikey960-3.5.0/toolchains/aarch64/bin/../lib/gcc/aarch64-linux-gnu/8.2.1/:/home/liurenju/Desktop/research/optee-hikey960-3.5.0/toolchains/aarch64/bin/../lib/gcc/:/home/liurenju/Desktop/research/optee-hikey960-3.5.0/toolchains/aarch64/bin/../lib/gcc/aarch64-linux-gnu/8.2.1/../../../../aarch64-linux-gnu/lib/../lib64/:/home/liurenju/Desktop/research/optee-hikey960-3.5.0/toolchains/aarch64/bin/../aarch64-linux-gnu/libc/lib/../lib64/:/home/liurenju/Desktop/research/optee-hikey960-3.5.0/toolchains/aarch64/bin/../aarch64-linux-gnu/libc/usr/lib/../lib64/:/home/liurenju/Desktop/research/optee-hikey960-3.5.0/toolchains/aarch64/bin/../lib/gcc/aarch64-linux-gnu/8.2.1/../../../../aarch64-linux-gnu/lib/:/home/liurenju/Desktop/research/optee-hikey960-3.5.0/toolchains/aarch64/bin/../aarch64-linux-gnu/libc/lib/:/home/liurenju/Desktop/research/optee-hikey960-3.5.0/toolchains/aarch64/bin/../aarch64-linux-gnu/libc/usr/lib/]
  ignore line: [COLLECT_GCC_OPTIONS='-v' '-rdynamic' '-o' 'cmTC_c1c2f' '-shared-libgcc' '-mlittle-endian' '-mabi=lp64']
  link line: [ /home/liurenju/Desktop/research/optee-hikey960-3.5.0/toolchains/aarch64/bin/../libexec/gcc/aarch64-linux-gnu/8.2.1/collect2 -plugin /home/liurenju/Desktop/research/optee-hikey960-3.5.0/toolchains/aarch64/bin/../libexec/gcc/aarch64-linux-gnu/8.2.1/liblto_plugin.so -plugin-opt=/home/liurenju/Desktop/research/optee-hikey960-3.5.0/toolchains/aarch64/bin/../libexec/gcc/aarch64-linux-gnu/8.2.1/lto-wrapper -plugin-opt=-fresolution=/tmp/cc4qDPis.res -plugin-opt=-pass-through=-lgcc_s -plugin-opt=-pass-through=-lgcc -plugin-opt=-pass-through=-lc -plugin-opt=-pass-through=-lgcc_s -plugin-opt=-pass-through=-lgcc --sysroot=/home/liurenju/Desktop/research/optee-hikey960-3.5.0/toolchains/aarch64/bin/../aarch64-linux-gnu/libc --eh-frame-hdr -export-dynamic -dynamic-linker /lib/ld-linux-aarch64.so.1 -X -EL -maarch64linux --fix-cortex-a53-843419 -o cmTC_c1c2f /home/liurenju/Desktop/research/optee-hikey960-3.5.0/toolchains/aarch64/bin/../aarch64-linux-gnu/libc/usr/lib/../lib64/crt1.o /home/liurenju/Desktop/research/optee-hikey960-3.5.0/toolchains/aarch64/bin/../aarch64-linux-gnu/libc/usr/lib/../lib64/crti.o /home/liurenju/Desktop/research/optee-hikey960-3.5.0/toolchains/aarch64/bin/../lib/gcc/aarch64-linux-gnu/8.2.1/crtbegin.o -L/home/liurenju/Desktop/research/optee-hikey960-3.5.0/toolchains/aarch64/bin/../lib/gcc/aarch64-linux-gnu/8.2.1 -L/home/liurenju/Desktop/research/optee-hikey960-3.5.0/toolchains/aarch64/bin/../lib/gcc -L/home/liurenju/Desktop/research/optee-hikey960-3.5.0/toolchains/aarch64/bin/../lib/gcc/aarch64-linux-gnu/8.2.1/../../../../aarch64-linux-gnu/lib/../lib64 -L/home/liurenju/Desktop/research/optee-hikey960-3.5.0/toolchains/aarch64/bin/../aarch64-linux-gnu/libc/lib/../lib64 -L/home/liurenju/Desktop/research/optee-hikey960-3.5.0/toolchains/aarch64/bin/../aarch64-linux-gnu/libc/usr/lib/../lib64 -L/home/liurenju/Desktop/research/optee-hikey960-3.5.0/toolchains/aarch64/bin/../lib/gcc/aarch64-linux-gnu/8.2.1/../../../../aarch64-linux-gnu/lib -L/home/liurenju/Desktop/research/optee-hikey960-3.5.0/toolchains/aarch64/bin/../aarch64-linux-gnu/libc/lib -L/home/liurenju/Desktop/research/optee-hikey960-3.5.0/toolchains/aarch64/bin/../aarch64-linux-gnu/libc/usr/lib CMakeFiles/cmTC_c1c2f.dir/CMakeCXXCompilerABI.cpp.o -lstdc++ -lm -lgcc_s -lgcc -lc -lgcc_s -lgcc /home/liurenju/Desktop/research/optee-hikey960-3.5.0/toolchains/aarch64/bin/../lib/gcc/aarch64-linux-gnu/8.2.1/crtend.o /home/liurenju/Desktop/research/optee-hikey960-3.5.0/toolchains/aarch64/bin/../aarch64-linux-gnu/libc/usr/lib/../lib64/crtn.o]
    arg [/home/liurenju/Desktop/research/optee-hikey960-3.5.0/toolchains/aarch64/bin/../libexec/gcc/aarch64-linux-gnu/8.2.1/collect2] ==> ignore
    arg [-plugin] ==> ignore
    arg [/home/liurenju/Desktop/research/optee-hikey960-3.5.0/toolchains/aarch64/bin/../libexec/gcc/aarch64-linux-gnu/8.2.1/liblto_plugin.so] ==> ignore
    arg [-plugin-opt=/home/liurenju/Desktop/research/optee-hikey960-3.5.0/toolchains/aarch64/bin/../libexec/gcc/aarch64-linux-gnu/8.2.1/lto-wrapper] ==> ignore
    arg [-plugin-opt=-fresolution=/tmp/cc4qDPis.res] ==> ignore
    arg [-plugin-opt=-pass-through=-lgcc_s] ==> ignore
    arg [-plugin-opt=-pass-through=-lgcc] ==> ignore
    arg [-plugin-opt=-pass-through=-lc] ==> ignore
    arg [-plugin-opt=-pass-through=-lgcc_s] ==> ignore
    arg [-plugin-opt=-pass-through=-lgcc] ==> ignore
    arg [--sysroot=/home/liurenju/Desktop/research/optee-hikey960-3.5.0/toolchains/aarch64/bin/../aarch64-linux-gnu/libc] ==> ignore
    arg [--eh-frame-hdr] ==> ignore
    arg [-export-dynamic] ==> ignore
    arg [-dynamic-linker] ==> ignore
    arg [/lib/ld-linux-aarch64.so.1] ==> ignore
    arg [-X] ==> ignore
    arg [-EL] ==> ignore
    arg [-maarch64linux] ==> ignore
    arg [--fix-cortex-a53-843419] ==> ignore
    arg [-o] ==> ignore
    arg [cmTC_c1c2f] ==> ignore
    arg [/home/liurenju/Desktop/research/optee-hikey960-3.5.0/toolchains/aarch64/bin/../aarch64-linux-gnu/libc/usr/lib/../lib64/crt1.o] ==> ignore
    arg [/home/liurenju/Desktop/research/optee-hikey960-3.5.0/toolchains/aarch64/bin/../aarch64-linux-gnu/libc/usr/lib/../lib64/crti.o] ==> ignore
    arg [/home/liurenju/Desktop/research/optee-hikey960-3.5.0/toolchains/aarch64/bin/../lib/gcc/aarch64-linux-gnu/8.2.1/crtbegin.o] ==> ignore
    arg [-L/home/liurenju/Desktop/research/optee-hikey960-3.5.0/toolchains/aarch64/bin/../lib/gcc/aarch64-linux-gnu/8.2.1] ==> dir [/home/liurenju/Desktop/research/optee-hikey960-3.5.0/toolchains/aarch64/bin/../lib/gcc/aarch64-linux-gnu/8.2.1]
    arg [-L/home/liurenju/Desktop/research/optee-hikey960-3.5.0/toolchains/aarch64/bin/../lib/gcc] ==> dir [/home/liurenju/Desktop/research/optee-hikey960-3.5.0/toolchains/aarch64/bin/../lib/gcc]
    arg [-L/home/liurenju/Desktop/research/optee-hikey960-3.5.0/toolchains/aarch64/bin/../lib/gcc/aarch64-linux-gnu/8.2.1/../../../../aarch64-linux-gnu/lib/../lib64] ==> dir [/home/liurenju/Desktop/research/optee-hikey960-3.5.0/toolchains/aarch64/bin/../lib/gcc/aarch64-linux-gnu/8.2.1/../../../../aarch64-linux-gnu/lib/../lib64]
    arg [-L/home/liurenju/Desktop/research/optee-hikey960-3.5.0/toolchains/aarch64/bin/../aarch64-linux-gnu/libc/lib/../lib64] ==> dir [/home/liurenju/Desktop/research/optee-hikey960-3.5.0/toolchains/aarch64/bin/../aarch64-linux-gnu/libc/lib/../lib64]
    arg [-L/home/liurenju/Desktop/research/optee-hikey960-3.5.0/toolchains/aarch64/bin/../aarch64-linux-gnu/libc/usr/lib/../lib64] ==> dir [/home/liurenju/Desktop/research/optee-hikey960-3.5.0/toolchains/aarch64/bin/../aarch64-linux-gnu/libc/usr/lib/../lib64]
    arg [-L/home/liurenju/Desktop/research/optee-hikey960-3.5.0/toolchains/aarch64/bin/../lib/gcc/aarch64-linux-gnu/8.2.1/../../../../aarch64-linux-gnu/lib] ==> dir [/home/liurenju/Desktop/research/optee-hikey960-3.5.0/toolchains/aarch64/bin/../lib/gcc/aarch64-linux-gnu/8.2.1/../../../../aarch64-linux-gnu/lib]
    arg [-L/home/liurenju/Desktop/research/optee-hikey960-3.5.0/toolchains/aarch64/bin/../aarch64-linux-gnu/libc/lib] ==> dir [/home/liurenju/Desktop/research/optee-hikey960-3.5.0/toolchains/aarch64/bin/../aarch64-linux-gnu/libc/lib]
    arg [-L/home/liurenju/Desktop/research/optee-hikey960-3.5.0/toolchains/aarch64/bin/../aarch64-linux-gnu/libc/usr/lib] ==> dir [/home/liurenju/Desktop/research/optee-hikey960-3.5.0/toolchains/aarch64/bin/../aarch64-linux-gnu/libc/usr/lib]
    arg [CMakeFiles/cmTC_c1c2f.dir/CMakeCXXCompilerABI.cpp.o] ==> ignore
    arg [-lstdc++] ==> lib [stdc++]
    arg [-lm] ==> lib [m]
    arg [-lgcc_s] ==> lib [gcc_s]
    arg [-lgcc] ==> lib [gcc]
    arg [-lc] ==> lib [c]
    arg [-lgcc_s] ==> lib [gcc_s]
    arg [-lgcc] ==> lib [gcc]
    arg [/home/liurenju/Desktop/research/optee-hikey960-3.5.0/toolchains/aarch64/bin/../lib/gcc/aarch64-linux-gnu/8.2.1/crtend.o] ==> ignore
    arg [/home/liurenju/Desktop/research/optee-hikey960-3.5.0/toolchains/aarch64/bin/../aarch64-linux-gnu/libc/usr/lib/../lib64/crtn.o] ==> ignore
  collapse library dir [/home/liurenju/Desktop/research/optee-hikey960-3.5.0/toolchains/aarch64/bin/../lib/gcc/aarch64-linux-gnu/8.2.1] ==> [/home/liurenju/Desktop/research/optee-hikey960-3.5.0/toolchains/aarch64/lib/gcc/aarch64-linux-gnu/8.2.1]
  collapse library dir [/home/liurenju/Desktop/research/optee-hikey960-3.5.0/toolchains/aarch64/bin/../lib/gcc] ==> [/home/liurenju/Desktop/research/optee-hikey960-3.5.0/toolchains/aarch64/lib/gcc]
  collapse library dir [/home/liurenju/Desktop/research/optee-hikey960-3.5.0/toolchains/aarch64/bin/../lib/gcc/aarch64-linux-gnu/8.2.1/../../../../aarch64-linux-gnu/lib/../lib64] ==> [/home/liurenju/Desktop/research/optee-hikey960-3.5.0/toolchains/aarch64/aarch64-linux-gnu/lib64]
  collapse library dir [/home/liurenju/Desktop/research/optee-hikey960-3.5.0/toolchains/aarch64/bin/../aarch64-linux-gnu/libc/lib/../lib64] ==> [/home/liurenju/Desktop/research/optee-hikey960-3.5.0/toolchains/aarch64/aarch64-linux-gnu/libc/lib64]
  collapse library dir [/home/liurenju/Desktop/research/optee-hikey960-3.5.0/toolchains/aarch64/bin/../aarch64-linux-gnu/libc/usr/lib/../lib64] ==> [/home/liurenju/Desktop/research/optee-hikey960-3.5.0/toolchains/aarch64/aarch64-linux-gnu/libc/usr/lib64]
  collapse library dir [/home/liurenju/Desktop/research/optee-hikey960-3.5.0/toolchains/aarch64/bin/../lib/gcc/aarch64-linux-gnu/8.2.1/../../../../aarch64-linux-gnu/lib] ==> [/home/liurenju/Desktop/research/optee-hikey960-3.5.0/toolchains/aarch64/aarch64-linux-gnu/lib]
  collapse library dir [/home/liurenju/Desktop/research/optee-hikey960-3.5.0/toolchains/aarch64/bin/../aarch64-linux-gnu/libc/lib] ==> [/home/liurenju/Desktop/research/optee-hikey960-3.5.0/toolchains/aarch64/aarch64-linux-gnu/libc/lib]
  collapse library dir [/home/liurenju/Desktop/research/optee-hikey960-3.5.0/toolchains/aarch64/bin/../aarch64-linux-gnu/libc/usr/lib] ==> [/home/liurenju/Desktop/research/optee-hikey960-3.5.0/toolchains/aarch64/aarch64-linux-gnu/libc/usr/lib]
  implicit libs: [stdc++;m;gcc_s;gcc;c;gcc_s;gcc]
  implicit dirs: [/home/liurenju/Desktop/research/optee-hikey960-3.5.0/toolchains/aarch64/lib/gcc/aarch64-linux-gnu/8.2.1;/home/liurenju/Desktop/research/optee-hikey960-3.5.0/toolchains/aarch64/lib/gcc;/home/liurenju/Desktop/research/optee-hikey960-3.5.0/toolchains/aarch64/aarch64-linux-gnu/lib64;/home/liurenju/Desktop/research/optee-hikey960-3.5.0/toolchains/aarch64/aarch64-linux-gnu/libc/lib64;/home/liurenju/Desktop/research/optee-hikey960-3.5.0/toolchains/aarch64/aarch64-linux-gnu/libc/usr/lib64;/home/liurenju/Desktop/research/optee-hikey960-3.5.0/toolchains/aarch64/aarch64-linux-gnu/lib;/home/liurenju/Desktop/research/optee-hikey960-3.5.0/toolchains/aarch64/aarch64-linux-gnu/libc/lib;/home/liurenju/Desktop/research/optee-hikey960-3.5.0/toolchains/aarch64/aarch64-linux-gnu/libc/usr/lib]
  implicit fwks: []




Detecting CXX [-std=c++1z] compiler features compiled with the following output:
Change Dir: /home/liurenju/Desktop/research/iccad-2020/wasm-micro-runtime/product-mini/platforms/linux/build/CMakeFiles/CMakeTmp

Run Build Command:"/usr/bin/make" "cmTC_91793/fast"
/usr/bin/make -f CMakeFiles/cmTC_91793.dir/build.make CMakeFiles/cmTC_91793.dir/build
make[1]: Entering directory '/home/liurenju/Desktop/research/iccad-2020/wasm-micro-runtime/product-mini/platforms/linux/build/CMakeFiles/CMakeTmp'
Building CXX object CMakeFiles/cmTC_91793.dir/feature_tests.cxx.o
/home/liurenju/Desktop/research/optee-hikey960-3.5.0/toolchains/aarch64/bin/aarch64-linux-gnu-g++    -std=c++1z -o CMakeFiles/cmTC_91793.dir/feature_tests.cxx.o -c /home/liurenju/Desktop/research/iccad-2020/wasm-micro-runtime/product-mini/platforms/linux/build/CMakeFiles/feature_tests.cxx
Linking CXX executable cmTC_91793
/usr/bin/cmake -E cmake_link_script CMakeFiles/cmTC_91793.dir/link.txt --verbose=1
/home/liurenju/Desktop/research/optee-hikey960-3.5.0/toolchains/aarch64/bin/aarch64-linux-gnu-g++       -rdynamic CMakeFiles/cmTC_91793.dir/feature_tests.cxx.o  -o cmTC_91793 
make[1]: Leaving directory '/home/liurenju/Desktop/research/iccad-2020/wasm-micro-runtime/product-mini/platforms/linux/build/CMakeFiles/CMakeTmp'


    Feature record: CXX_FEATURE:1cxx_aggregate_default_initializers
    Feature record: CXX_FEATURE:1cxx_alias_templates
    Feature record: CXX_FEATURE:1cxx_alignas
    Feature record: CXX_FEATURE:1cxx_alignof
    Feature record: CXX_FEATURE:1cxx_attributes
    Feature record: CXX_FEATURE:1cxx_attribute_deprecated
    Feature record: CXX_FEATURE:1cxx_auto_type
    Feature record: CXX_FEATURE:1cxx_binary_literals
    Feature record: CXX_FEATURE:1cxx_constexpr
    Feature record: CXX_FEATURE:1cxx_contextual_conversions
    Feature record: CXX_FEATURE:1cxx_decltype
    Feature record: CXX_FEATURE:1cxx_decltype_auto
    Feature record: CXX_FEATURE:1cxx_decltype_incomplete_return_types
    Feature record: CXX_FEATURE:1cxx_default_function_template_args
    Feature record: CXX_FEATURE:1cxx_defaulted_functions
    Feature record: CXX_FEATURE:1cxx_defaulted_move_initializers
    Feature record: CXX_FEATURE:1cxx_delegating_constructors
    Feature record: CXX_FEATURE:1cxx_deleted_functions
    Feature record: CXX_FEATURE:1cxx_digit_separators
    Feature record: CXX_FEATURE:1cxx_enum_forward_declarations
    Feature record: CXX_FEATURE:1cxx_explicit_conversions
    Feature record: CXX_FEATURE:1cxx_extended_friend_declarations
    Feature record: CXX_FEATURE:1cxx_extern_templates
    Feature record: CXX_FEATURE:1cxx_final
    Feature record: CXX_FEATURE:1cxx_func_identifier
    Feature record: CXX_FEATURE:1cxx_generalized_initializers
    Feature record: CXX_FEATURE:1cxx_generic_lambdas
    Feature record: CXX_FEATURE:1cxx_inheriting_constructors
    Feature record: CXX_FEATURE:1cxx_inline_namespaces
    Feature record: CXX_FEATURE:1cxx_lambdas
    Feature record: CXX_FEATURE:1cxx_lambda_init_captures
    Feature record: CXX_FEATURE:1cxx_local_type_template_args
    Feature record: CXX_FEATURE:1cxx_long_long_type
    Feature record: CXX_FEATURE:1cxx_noexcept
    Feature record: CXX_FEATURE:1cxx_nonstatic_member_init
    Feature record: CXX_FEATURE:1cxx_nullptr
    Feature record: CXX_FEATURE:1cxx_override
    Feature record: CXX_FEATURE:1cxx_range_for
    Feature record: CXX_FEATURE:1cxx_raw_string_literals
    Feature record: CXX_FEATURE:1cxx_reference_qualified_functions
    Feature record: CXX_FEATURE:1cxx_relaxed_constexpr
    Feature record: CXX_FEATURE:1cxx_return_type_deduction
    Feature record: CXX_FEATURE:1cxx_right_angle_brackets
    Feature record: CXX_FEATURE:1cxx_rvalue_references
    Feature record: CXX_FEATURE:1cxx_sizeof_member
    Feature record: CXX_FEATURE:1cxx_static_assert
    Feature record: CXX_FEATURE:1cxx_strong_enums
    Feature record: CXX_FEATURE:1cxx_template_template_parameters
    Feature record: CXX_FEATURE:1cxx_thread_local
    Feature record: CXX_FEATURE:1cxx_trailing_return_types
    Feature record: CXX_FEATURE:1cxx_unicode_literals
    Feature record: CXX_FEATURE:1cxx_uniform_initialization
    Feature record: CXX_FEATURE:1cxx_unrestricted_unions
    Feature record: CXX_FEATURE:1cxx_user_literals
    Feature record: CXX_FEATURE:1cxx_variable_templates
    Feature record: CXX_FEATURE:1cxx_variadic_macros
    Feature record: CXX_FEATURE:1cxx_variadic_templates


Detecting CXX [-std=c++14] compiler features compiled with the following output:
Change Dir: /home/liurenju/Desktop/research/iccad-2020/wasm-micro-runtime/product-mini/platforms/linux/build/CMakeFiles/CMakeTmp

Run Build Command:"/usr/bin/make" "cmTC_de8ef/fast"
/usr/bin/make -f CMakeFiles/cmTC_de8ef.dir/build.make CMakeFiles/cmTC_de8ef.dir/build
make[1]: Entering directory '/home/liurenju/Desktop/research/iccad-2020/wasm-micro-runtime/product-mini/platforms/linux/build/CMakeFiles/CMakeTmp'
Building CXX object CMakeFiles/cmTC_de8ef.dir/feature_tests.cxx.o
/home/liurenju/Desktop/research/optee-hikey960-3.5.0/toolchains/aarch64/bin/aarch64-linux-gnu-g++    -std=c++14 -o CMakeFiles/cmTC_de8ef.dir/feature_tests.cxx.o -c /home/liurenju/Desktop/research/iccad-2020/wasm-micro-runtime/product-mini/platforms/linux/build/CMakeFiles/feature_tests.cxx
Linking CXX executable cmTC_de8ef
/usr/bin/cmake -E cmake_link_script CMakeFiles/cmTC_de8ef.dir/link.txt --verbose=1
/home/liurenju/Desktop/research/optee-hikey960-3.5.0/toolchains/aarch64/bin/aarch64-linux-gnu-g++       -rdynamic CMakeFiles/cmTC_de8ef.dir/feature_tests.cxx.o  -o cmTC_de8ef 
make[1]: Leaving directory '/home/liurenju/Desktop/research/iccad-2020/wasm-micro-runtime/product-mini/platforms/linux/build/CMakeFiles/CMakeTmp'


    Feature record: CXX_FEATURE:1cxx_aggregate_default_initializers
    Feature record: CXX_FEATURE:1cxx_alias_templates
    Feature record: CXX_FEATURE:1cxx_alignas
    Feature record: CXX_FEATURE:1cxx_alignof
    Feature record: CXX_FEATURE:1cxx_attributes
    Feature record: CXX_FEATURE:1cxx_attribute_deprecated
    Feature record: CXX_FEATURE:1cxx_auto_type
    Feature record: CXX_FEATURE:1cxx_binary_literals
    Feature record: CXX_FEATURE:1cxx_constexpr
    Feature record: CXX_FEATURE:1cxx_contextual_conversions
    Feature record: CXX_FEATURE:1cxx_decltype
    Feature record: CXX_FEATURE:1cxx_decltype_auto
    Feature record: CXX_FEATURE:1cxx_decltype_incomplete_return_types
    Feature record: CXX_FEATURE:1cxx_default_function_template_args
    Feature record: CXX_FEATURE:1cxx_defaulted_functions
    Feature record: CXX_FEATURE:1cxx_defaulted_move_initializers
    Feature record: CXX_FEATURE:1cxx_delegating_constructors
    Feature record: CXX_FEATURE:1cxx_deleted_functions
    Feature record: CXX_FEATURE:1cxx_digit_separators
    Feature record: CXX_FEATURE:1cxx_enum_forward_declarations
    Feature record: CXX_FEATURE:1cxx_explicit_conversions
    Feature record: CXX_FEATURE:1cxx_extended_friend_declarations
    Feature record: CXX_FEATURE:1cxx_extern_templates
    Feature record: CXX_FEATURE:1cxx_final
    Feature record: CXX_FEATURE:1cxx_func_identifier
    Feature record: CXX_FEATURE:1cxx_generalized_initializers
    Feature record: CXX_FEATURE:1cxx_generic_lambdas
    Feature record: CXX_FEATURE:1cxx_inheriting_constructors
    Feature record: CXX_FEATURE:1cxx_inline_namespaces
    Feature record: CXX_FEATURE:1cxx_lambdas
    Feature record: CXX_FEATURE:1cxx_lambda_init_captures
    Feature record: CXX_FEATURE:1cxx_local_type_template_args
    Feature record: CXX_FEATURE:1cxx_long_long_type
    Feature record: CXX_FEATURE:1cxx_noexcept
    Feature record: CXX_FEATURE:1cxx_nonstatic_member_init
    Feature record: CXX_FEATURE:1cxx_nullptr
    Feature record: CXX_FEATURE:1cxx_override
    Feature record: CXX_FEATURE:1cxx_range_for
    Feature record: CXX_FEATURE:1cxx_raw_string_literals
    Feature record: CXX_FEATURE:1cxx_reference_qualified_functions
    Feature record: CXX_FEATURE:1cxx_relaxed_constexpr
    Feature record: CXX_FEATURE:1cxx_return_type_deduction
    Feature record: CXX_FEATURE:1cxx_right_angle_brackets
    Feature record: CXX_FEATURE:1cxx_rvalue_references
    Feature record: CXX_FEATURE:1cxx_sizeof_member
    Feature record: CXX_FEATURE:1cxx_static_assert
    Feature record: CXX_FEATURE:1cxx_strong_enums
    Feature record: CXX_FEATURE:1cxx_template_template_parameters
    Feature record: CXX_FEATURE:1cxx_thread_local
    Feature record: CXX_FEATURE:1cxx_trailing_return_types
    Feature record: CXX_FEATURE:1cxx_unicode_literals
    Feature record: CXX_FEATURE:1cxx_uniform_initialization
    Feature record: CXX_FEATURE:1cxx_unrestricted_unions
    Feature record: CXX_FEATURE:1cxx_user_literals
    Feature record: CXX_FEATURE:1cxx_variable_templates
    Feature record: CXX_FEATURE:1cxx_variadic_macros
    Feature record: CXX_FEATURE:1cxx_variadic_templates


Detecting CXX [-std=c++11] compiler features compiled with the following output:
Change Dir: /home/liurenju/Desktop/research/iccad-2020/wasm-micro-runtime/product-mini/platforms/linux/build/CMakeFiles/CMakeTmp

Run Build Command:"/usr/bin/make" "cmTC_7308d/fast"
/usr/bin/make -f CMakeFiles/cmTC_7308d.dir/build.make CMakeFiles/cmTC_7308d.dir/build
make[1]: Entering directory '/home/liurenju/Desktop/research/iccad-2020/wasm-micro-runtime/product-mini/platforms/linux/build/CMakeFiles/CMakeTmp'
Building CXX object CMakeFiles/cmTC_7308d.dir/feature_tests.cxx.o
/home/liurenju/Desktop/research/optee-hikey960-3.5.0/toolchains/aarch64/bin/aarch64-linux-gnu-g++    -std=c++11 -o CMakeFiles/cmTC_7308d.dir/feature_tests.cxx.o -c /home/liurenju/Desktop/research/iccad-2020/wasm-micro-runtime/product-mini/platforms/linux/build/CMakeFiles/feature_tests.cxx
Linking CXX executable cmTC_7308d
/usr/bin/cmake -E cmake_link_script CMakeFiles/cmTC_7308d.dir/link.txt --verbose=1
/home/liurenju/Desktop/research/optee-hikey960-3.5.0/toolchains/aarch64/bin/aarch64-linux-gnu-g++       -rdynamic CMakeFiles/cmTC_7308d.dir/feature_tests.cxx.o  -o cmTC_7308d 
make[1]: Leaving directory '/home/liurenju/Desktop/research/iccad-2020/wasm-micro-runtime/product-mini/platforms/linux/build/CMakeFiles/CMakeTmp'


    Feature record: CXX_FEATURE:0cxx_aggregate_default_initializers
    Feature record: CXX_FEATURE:1cxx_alias_templates
    Feature record: CXX_FEATURE:1cxx_alignas
    Feature record: CXX_FEATURE:1cxx_alignof
    Feature record: CXX_FEATURE:1cxx_attributes
    Feature record: CXX_FEATURE:0cxx_attribute_deprecated
    Feature record: CXX_FEATURE:1cxx_auto_type
    Feature record: CXX_FEATURE:0cxx_binary_literals
    Feature record: CXX_FEATURE:1cxx_constexpr
    Feature record: CXX_FEATURE:0cxx_contextual_conversions
    Feature record: CXX_FEATURE:1cxx_decltype
    Feature record: CXX_FEATURE:0cxx_decltype_auto
    Feature record: CXX_FEATURE:1cxx_decltype_incomplete_return_types
    Feature record: CXX_FEATURE:1cxx_default_function_template_args
    Feature record: CXX_FEATURE:1cxx_defaulted_functions
    Feature record: CXX_FEATURE:1cxx_defaulted_move_initializers
    Feature record: CXX_FEATURE:1cxx_delegating_constructors
    Feature record: CXX_FEATURE:1cxx_deleted_functions
    Feature record: CXX_FEATURE:0cxx_digit_separators
    Feature record: CXX_FEATURE:1cxx_enum_forward_declarations
    Feature record: CXX_FEATURE:1cxx_explicit_conversions
    Feature record: CXX_FEATURE:1cxx_extended_friend_declarations
    Feature record: CXX_FEATURE:1cxx_extern_templates
    Feature record: CXX_FEATURE:1cxx_final
    Feature record: CXX_FEATURE:1cxx_func_identifier
    Feature record: CXX_FEATURE:1cxx_generalized_initializers
    Feature record: CXX_FEATURE:0cxx_generic_lambdas
    Feature record: CXX_FEATURE:1cxx_inheriting_constructors
    Feature record: CXX_FEATURE:1cxx_inline_namespaces
    Feature record: CXX_FEATURE:1cxx_lambdas
    Feature record: CXX_FEATURE:0cxx_lambda_init_captures
    Feature record: CXX_FEATURE:1cxx_local_type_template_args
    Feature record: CXX_FEATURE:1cxx_long_long_type
    Feature record: CXX_FEATURE:1cxx_noexcept
    Feature record: CXX_FEATURE:1cxx_nonstatic_member_init
    Feature record: CXX_FEATURE:1cxx_nullptr
    Feature record: CXX_FEATURE:1cxx_override
    Feature record: CXX_FEATURE:1cxx_range_for
    Feature record: CXX_FEATURE:1cxx_raw_string_literals
    Feature record: CXX_FEATURE:1cxx_reference_qualified_functions
    Feature record: CXX_FEATURE:0cxx_relaxed_constexpr
    Feature record: CXX_FEATURE:0cxx_return_type_deduction
    Feature record: CXX_FEATURE:1cxx_right_angle_brackets
    Feature record: CXX_FEATURE:1cxx_rvalue_references
    Feature record: CXX_FEATURE:1cxx_sizeof_member
    Feature record: CXX_FEATURE:1cxx_static_assert
    Feature record: CXX_FEATURE:1cxx_strong_enums
    Feature record: CXX_FEATURE:1cxx_template_template_parameters
    Feature record: CXX_FEATURE:1cxx_thread_local
    Feature record: CXX_FEATURE:1cxx_trailing_return_types
    Feature record: CXX_FEATURE:1cxx_unicode_literals
    Feature record: CXX_FEATURE:1cxx_uniform_initialization
    Feature record: CXX_FEATURE:1cxx_unrestricted_unions
    Feature record: CXX_FEATURE:1cxx_user_literals
    Feature record: CXX_FEATURE:0cxx_variable_templates
    Feature record: CXX_FEATURE:1cxx_variadic_macros
    Feature record: CXX_FEATURE:1cxx_variadic_templates


Detecting CXX [-std=c++98] compiler features compiled with the following output:
Change Dir: /home/liurenju/Desktop/research/iccad-2020/wasm-micro-runtime/product-mini/platforms/linux/build/CMakeFiles/CMakeTmp

Run Build Command:"/usr/bin/make" "cmTC_775e8/fast"
/usr/bin/make -f CMakeFiles/cmTC_775e8.dir/build.make CMakeFiles/cmTC_775e8.dir/build
make[1]: Entering directory '/home/liurenju/Desktop/research/iccad-2020/wasm-micro-runtime/product-mini/platforms/linux/build/CMakeFiles/CMakeTmp'
Building CXX object CMakeFiles/cmTC_775e8.dir/feature_tests.cxx.o
/home/liurenju/Desktop/research/optee-hikey960-3.5.0/toolchains/aarch64/bin/aarch64-linux-gnu-g++    -std=c++98 -o CMakeFiles/cmTC_775e8.dir/feature_tests.cxx.o -c /home/liurenju/Desktop/research/iccad-2020/wasm-micro-runtime/product-mini/platforms/linux/build/CMakeFiles/feature_tests.cxx
Linking CXX executable cmTC_775e8
/usr/bin/cmake -E cmake_link_script CMakeFiles/cmTC_775e8.dir/link.txt --verbose=1
/home/liurenju/Desktop/research/optee-hikey960-3.5.0/toolchains/aarch64/bin/aarch64-linux-gnu-g++       -rdynamic CMakeFiles/cmTC_775e8.dir/feature_tests.cxx.o  -o cmTC_775e8 
make[1]: Leaving directory '/home/liurenju/Desktop/research/iccad-2020/wasm-micro-runtime/product-mini/platforms/linux/build/CMakeFiles/CMakeTmp'


    Feature record: CXX_FEATURE:0cxx_aggregate_default_initializers
    Feature record: CXX_FEATURE:0cxx_alias_templates
    Feature record: CXX_FEATURE:0cxx_alignas
    Feature record: CXX_FEATURE:0cxx_alignof
    Feature record: CXX_FEATURE:0cxx_attributes
    Feature record: CXX_FEATURE:0cxx_attribute_deprecated
    Feature record: CXX_FEATURE:0cxx_auto_type
    Feature record: CXX_FEATURE:0cxx_binary_literals
    Feature record: CXX_FEATURE:0cxx_constexpr
    Feature record: CXX_FEATURE:0cxx_contextual_conversions
    Feature record: CXX_FEATURE:0cxx_decltype
    Feature record: CXX_FEATURE:0cxx_decltype_auto
    Feature record: CXX_FEATURE:0cxx_decltype_incomplete_return_types
    Feature record: CXX_FEATURE:0cxx_default_function_template_args
    Feature record: CXX_FEATURE:0cxx_defaulted_functions
    Feature record: CXX_FEATURE:0cxx_defaulted_move_initializers
    Feature record: CXX_FEATURE:0cxx_delegating_constructors
    Feature record: CXX_FEATURE:0cxx_deleted_functions
    Feature record: CXX_FEATURE:0cxx_digit_separators
    Feature record: CXX_FEATURE:0cxx_enum_forward_declarations
    Feature record: CXX_FEATURE:0cxx_explicit_conversions
    Feature record: CXX_FEATURE:0cxx_extended_friend_declarations
    Feature record: CXX_FEATURE:0cxx_extern_templates
    Feature record: CXX_FEATURE:0cxx_final
    Feature record: CXX_FEATURE:0cxx_func_identifier
    Feature record: CXX_FEATURE:0cxx_generalized_initializers
    Feature record: CXX_FEATURE:0cxx_generic_lambdas
    Feature record: CXX_FEATURE:0cxx_inheriting_constructors
    Feature record: CXX_FEATURE:0cxx_inline_namespaces
    Feature record: CXX_FEATURE:0cxx_lambdas
    Feature record: CXX_FEATURE:0cxx_lambda_init_captures
    Feature record: CXX_FEATURE:0cxx_local_type_template_args
    Feature record: CXX_FEATURE:0cxx_long_long_type
    Feature record: CXX_FEATURE:0cxx_noexcept
    Feature record: CXX_FEATURE:0cxx_nonstatic_member_init
    Feature record: CXX_FEATURE:0cxx_nullptr
    Feature record: CXX_FEATURE:0cxx_override
    Feature record: CXX_FEATURE:0cxx_range_for
    Feature record: CXX_FEATURE:0cxx_raw_string_literals
    Feature record: CXX_FEATURE:0cxx_reference_qualified_functions
    Feature record: CXX_FEATURE:0cxx_relaxed_constexpr
    Feature record: CXX_FEATURE:0cxx_return_type_deduction
    Feature record: CXX_FEATURE:0cxx_right_angle_brackets
    Feature record: CXX_FEATURE:0cxx_rvalue_references
    Feature record: CXX_FEATURE:0cxx_sizeof_member
    Feature record: CXX_FEATURE:0cxx_static_assert
    Feature record: CXX_FEATURE:0cxx_strong_enums
    Feature record: CXX_FEATURE:1cxx_template_template_parameters
    Feature record: CXX_FEATURE:0cxx_thread_local
    Feature record: CXX_FEATURE:0cxx_trailing_return_types
    Feature record: CXX_FEATURE:0cxx_unicode_literals
    Feature record: CXX_FEATURE:0cxx_uniform_initialization
    Feature record: CXX_FEATURE:0cxx_unrestricted_unions
    Feature record: CXX_FEATURE:0cxx_user_literals
    Feature record: CXX_FEATURE:0cxx_variable_templates
    Feature record: CXX_FEATURE:0cxx_variadic_macros
    Feature record: CXX_FEATURE:0cxx_variadic_templates
